-10 -10.00 -5.16004
-9 -9.00 -5.18983
-8 -8.00 -5.21961
-7 -7.00 -5.24939
-6 -6.00 -5.27917
-5 -5.00 -5.30895
-4 -4.00 -5.33872
-3 -3.00 -5.36849
-2 -2.00 -5.39826
-1 -1.00 -5.42803
0 0.00 -5.45779
1 1.00 -5.48755
2 2.00 -5.51731
3 3.00 -5.54706
4 4.00 -5.57681
5 5.00 -5.60656
6 6.00 -5.63631
7 7.00 -5.66605
8 8.00 -5.69579
9 9.00 -5.72553
10 10.00 -5.75526
11 11.00 -5.78500
12 12.00 -5.81473
13 13.00 -5.84445
14 14.00 -5.87418
15 15.00 -5.90390
16 16.00 -5.93361
17 17.00 -5.96333
18 18.00 -5.99304
19 19.00 -6.02275
20 20.00 -6.05245
21 21.00 -6.08216
22 22.00 -6.11186
23 23.00 -6.14155
24 24.00 -6.17125
25 25.00 -6.20094
26 26.00 -6.23062
27 27.00 -6.26031
28 28.00 -6.28999
29 29.00 -6.31967
30 30.00 -6.34934
31 31.00 -6.37901
32 32.00 -6.40868
33 33.00 -6.43835
34 34.00 -6.46801
35 35.00 -6.49767
36 36.00 -6.52732
37 37.00 -6.55698
38 38.00 -6.58663
39 39.00 -6.61627
40 40.00 -6.64592
41 41.00 -6.67555
42 42.00 -6.70519
43 43.00 -6.73482
44 44.00 -6.76445
45 45.00 -6.79408
46 46.00 -6.82370
47 47.00 -6.85332
48 48.00 -6.88294
49 49.00 -6.91255
50 50.00 -6.94216
51 51.00 -6.97177
52 52.00 -7.00137
53 53.00 -7.03097
54 54.00 -7.06056
55 55.00 -7.09015
56 56.00 -7.11974
57 57.00 -7.14933
58 58.00 -7.17891
59 59.00 -7.20849
60 60.00 -7.23806
61 61.00 -7.26763
62 62.00 -7.29720
63 63.00 -7.32676
64 64.00 -7.35632
65 65.00 -7.38588
66 66.00 -7.41543
67 67.00 -7.44498
68 68.00 -7.47453
69 69.00 -7.50407
70 70.00 -7.53361
71 71.00 -7.56314
72 72.00 -7.59267
73 73.00 -7.62220
74 74.00 -7.65172
75 75.00 -7.68124
76 76.00 -7.71076
77 77.00 -7.74027
78 78.00 -7.76978
79 79.00 -7.79928
80 80.00 -7.82878
81 81.00 -7.85828
82 82.00 -7.88777
83 83.00 -7.91726
84 84.00 -7.94675
85 85.00 -7.97623
86 86.00 -8.00571
87 87.00 -8.03518
88 88.00 -8.06465
89 89.00 -8.09412
90 90.00 -8.12358
91 91.00 -8.15303
92 92.00 -8.18249
93 93.00 -8.21194
94 94.00 -8.24138
95 95.00 -8.27083
96 96.00 -8.30026
97 97.00 -8.32970
98 98.00 -8.35913
99 99.00 -8.38855
